  UnityLink.cpp
D:\UnityHUB\Projects\Attatched OpenCV\UnityOpenCVlink\UnityLink.cpp(44,31): warning C4244: "=": konwersja z "double" do "int", możliwa utrata danych
D:\UnityHUB\Projects\Attatched OpenCV\UnityOpenCVlink\UnityLink.cpp(45,32): warning C4244: "=": konwersja z "double" do "int", możliwa utrata danych
D:\UnityHUB\Projects\Attatched OpenCV\UnityOpenCVlink\UnityLink.cpp(123,40): warning C4244: "argument": konwersja z "_Tp" do "_Tp", możliwa utrata danych
          with
          [
              _Tp=float
          ]
          and
          [
              _Tp=int
          ]
D:\UnityHUB\Projects\Attatched OpenCV\UnityOpenCVlink\UnityLink.cpp(123,28): warning C4244: "argument": konwersja z "_Tp" do "_Tp", możliwa utrata danych
          with
          [
              _Tp=float
          ]
          and
          [
              _Tp=int
          ]
D:\UnityHUB\Projects\Attatched OpenCV\UnityOpenCVlink\UnityLink.cpp(163,38): warning C4267: "inicjowanie": konwersja z "size_t" do "int", możliwa utrata danych
D:\UnityHUB\Projects\Attatched OpenCV\UnityOpenCVlink\UnityLink.cpp(173,25): warning C4244: "argument": konwersja z "float" do "_Tp", możliwa utrata danych
          with
          [
              _Tp=int
          ]
D:\UnityHUB\Projects\Attatched OpenCV\UnityOpenCVlink\UnityLink.cpp(173,15): warning C4244: "argument": konwersja z "float" do "_Tp", możliwa utrata danych
          with
          [
              _Tp=int
          ]
     Trwa tworzenie biblioteki D:\UnityHUB\Projects\Attatched OpenCV\UnityOpenCVlink\x64\Release\UnityOpenCVlink.lib i obiektu D:\UnityHUB\Projects\Attatched OpenCV\UnityOpenCVlink\x64\Release\UnityOpenCVlink.exp
  Trwa generowanie kodu
  1 of 220 functions ( 0.5%) were compiled, the rest were copied from previous compilation.
    0 functions were new in current compilation
    0 functions had inline decision re-evaluated but remain unchanged
  Zakończono generowanie kodu
  Week 4.vcxproj -> D:\UnityHUB\Projects\Attatched OpenCV\UnityOpenCVlink\x64\Release\UnityOpenCVlink.dll
